<?xml version="1.0" encoding="UTF-8"?>
<testng-results ignored="0" total="1" passed="1" failed="0" skipped="0">
  <reporter-output>
  </reporter-output>
  <suite started-at="2023-11-08T08:17:59 IST" name="Default suite" finished-at="2023-11-08T08:18:21 IST" duration-ms="21763">
    <groups>
    </groups>
    <test started-at="2023-11-08T08:17:59 IST" name="Default test" finished-at="2023-11-08T08:18:21 IST" duration-ms="21763">
      <class name="testCases.VerifySignUpPage">
        <test-method signature="VerifySignUp()[pri:0, instance:testCases.VerifySignUpPage@2794eab6]" started-at="2023-11-08T08:17:59 IST" name="VerifySignUp" finished-at="2023-11-08T08:18:21 IST" duration-ms="21671" status="PASS">
          <reporter-output>
          </reporter-output>
        </test-method> <!-- VerifySignUp -->
      </class> <!-- testCases.VerifySignUpPage -->
    </test> <!-- Default test -->
  </suite> <!-- Default suite -->
</testng-results>
